<?xml version="1.0" encoding="UTF-8"?>
<!-- Generated by org.testng.reporters.JUnitXMLReporter -->
<testsuite ignored="0" hostname="BANPC1CKTC1" failures="0" tests="3" name="Test" time="38.874" errors="0" timestamp="2021-11-04T18:10:22 IST">
  <testcase classname="picsartAssignment.TestAssignment" name="firstAssignment" time="30.977"/>
  <testcase classname="picsartAssignment.TestAssignment" name="secondAssigment" time="4.445"/>
  <testcase classname="picsartAssignment.RestAssuredTest" name="verifyRestAssuredMethod" time="1.56"/>
</testsuite> <!-- Test -->
