<?xml version="1.0" encoding="UTF-8"?>
<testng-results ignored="0" total="3" passed="3" failed="0" skipped="0">
  <reporter-output>
  </reporter-output>
  <suite started-at="2021-11-04T18:09:43 IST" name="Suite" finished-at="2021-11-04T18:10:22 IST" duration-ms="38874">
    <groups>
    </groups>
    <test started-at="2021-11-04T18:09:43 IST" name="Test" finished-at="2021-11-04T18:10:22 IST" duration-ms="38874">
      <class name="picsartAssignment.TestAssignment">
        <test-method is-config="true" signature="beforeClass()[pri:0, instance:picsartAssignment.TestAssignment@1ecfcbc9]" started-at="2021-11-04T18:09:43 IST" name="beforeClass" finished-at="2021-11-04T18:09:44 IST" duration-ms="980" status="PASS">
          <reporter-output>
          </reporter-output>
        </test-method> <!-- beforeClass -->
        <test-method signature="firstAssignment()[pri:0, instance:picsartAssignment.TestAssignment@1ecfcbc9]" started-at="2021-11-04T18:09:44 IST" name="firstAssignment" finished-at="2021-11-04T18:10:15 IST" duration-ms="30977" status="PASS">
          <reporter-output>
          </reporter-output>
        </test-method> <!-- firstAssignment -->
        <test-method signature="secondAssigment()[pri:1, instance:picsartAssignment.TestAssignment@1ecfcbc9]" started-at="2021-11-04T18:10:15 IST" name="secondAssigment" finished-at="2021-11-04T18:10:19 IST" duration-ms="4445" status="PASS">
          <reporter-output>
          </reporter-output>
        </test-method> <!-- secondAssigment -->
        <test-method is-config="true" signature="afterSuit()[pri:0, instance:picsartAssignment.TestAssignment@1ecfcbc9]" started-at="2021-11-04T18:10:21 IST" name="afterSuit" finished-at="2021-11-04T18:10:22 IST" duration-ms="794" status="PASS">
          <reporter-output>
          </reporter-output>
        </test-method> <!-- afterSuit -->
      </class> <!-- picsartAssignment.TestAssignment -->
      <class name="picsartAssignment.RestAssuredTest">
        <test-method signature="verifyRestAssuredMethod()[pri:0, instance:picsartAssignment.RestAssuredTest@1965539b]" started-at="2021-11-04T18:10:19 IST" name="verifyRestAssuredMethod" finished-at="2021-11-04T18:10:21 IST" duration-ms="1560" status="PASS">
          <reporter-output>
          </reporter-output>
        </test-method> <!-- verifyRestAssuredMethod -->
      </class> <!-- picsartAssignment.RestAssuredTest -->
    </test> <!-- Test -->
  </suite> <!-- Suite -->
</testng-results>
